2019-11-17 16:57:25,808 - elsapy.elsclient - INFO - Module loaded.
2019-11-17 16:57:26,987 - elsapy.elsentity - INFO - Module loaded.
2019-11-17 16:57:26,999 - elsapy.utils - INFO - Module loaded.
2019-11-17 16:57:27,000 - elsapy.elsprofile - INFO - Module loaded.
2019-11-17 16:57:27,018 - elsapy.elsdoc - INFO - Module loaded.
2019-11-17 16:57:27,038 - elsapy.elssearch - INFO - Module loaded.
2019-11-17 16:57:48,319 - elsapy.elsclient - INFO - Sending GET request to https://api.elsevier.com/content/search/scopus?query=SFA+%2B+efficiency
2019-11-17 16:57:51,007 - elsapy.elsclient - INFO - Sending GET request to https://api.elsevier.com/content/search/scopus?start=25&count=25&query=SFA+%2B+efficiency
2019-11-17 16:57:53,431 - elsapy.elsclient - INFO - Sending GET request to https://api.elsevier.com/content/search/scopus?start=50&count=25&query=SFA+%2B+efficiency
2019-11-17 16:57:55,808 - elsapy.elsclient - INFO - Sending GET request to https://api.elsevier.com/content/search/scopus?start=75&count=25&query=SFA+%2B+efficiency
2019-11-17 16:57:58,381 - elsapy.elsclient - INFO - Sending GET request to https://api.elsevier.com/content/search/scopus?start=100&count=25&query=SFA+%2B+efficiency
2019-11-17 16:58:01,152 - elsapy.elsclient - INFO - Sending GET request to https://api.elsevier.com/content/search/scopus?start=125&count=25&query=SFA+%2B+efficiency
2019-11-17 16:58:04,033 - elsapy.elsclient - INFO - Sending GET request to https://api.elsevier.com/content/search/scopus?start=150&count=25&query=SFA+%2B+efficiency
2019-11-17 16:58:06,663 - elsapy.elsclient - INFO - Sending GET request to https://api.elsevier.com/content/search/scopus?start=175&count=25&query=SFA+%2B+efficiency
2019-11-17 16:58:09,041 - elsapy.elsclient - INFO - Sending GET request to https://api.elsevier.com/content/search/scopus?start=200&count=25&query=SFA+%2B+efficiency
2019-11-17 16:58:11,698 - elsapy.elsclient - INFO - Sending GET request to https://api.elsevier.com/content/search/scopus?start=225&count=25&query=SFA+%2B+efficiency
2019-11-17 16:58:14,255 - elsapy.elsclient - INFO - Sending GET request to https://api.elsevier.com/content/search/scopus?start=250&count=25&query=SFA+%2B+efficiency
2019-11-17 16:58:17,746 - elsapy.elsclient - INFO - Sending GET request to https://api.elsevier.com/content/search/scopus?start=275&count=25&query=SFA+%2B+efficiency
2019-11-17 16:58:20,610 - elsapy.elsclient - INFO - Sending GET request to https://api.elsevier.com/content/search/scopus?start=300&count=25&query=SFA+%2B+efficiency
2019-11-17 16:58:23,159 - elsapy.elsclient - INFO - Sending GET request to https://api.elsevier.com/content/search/scopus?start=325&count=25&query=SFA+%2B+efficiency
2019-11-17 16:58:26,546 - elsapy.elsclient - INFO - Sending GET request to https://api.elsevier.com/content/search/scopus?start=350&count=25&query=SFA+%2B+efficiency
2019-11-17 16:58:29,101 - elsapy.elsclient - INFO - Sending GET request to https://api.elsevier.com/content/search/scopus?start=375&count=25&query=SFA+%2B+efficiency
2019-11-17 16:58:31,855 - elsapy.elsclient - INFO - Sending GET request to https://api.elsevier.com/content/search/scopus?start=400&count=25&query=SFA+%2B+efficiency
2019-11-17 16:58:34,292 - elsapy.elsclient - INFO - Sending GET request to https://api.elsevier.com/content/search/scopus?start=425&count=25&query=SFA+%2B+efficiency
2019-11-17 16:58:36,909 - elsapy.elsclient - INFO - Sending GET request to https://api.elsevier.com/content/search/scopus?start=450&count=25&query=SFA+%2B+efficiency
2019-11-17 16:58:39,431 - elsapy.elsclient - INFO - Sending GET request to https://api.elsevier.com/content/search/scopus?start=475&count=25&query=SFA+%2B+efficiency
2019-11-17 16:58:47,218 - elsapy.elsclient - INFO - Sending GET request to https://api.elsevier.com/content/search/scopus?start=500&count=25&query=SFA+%2B+efficiency
2019-11-17 16:58:49,573 - elsapy.elsclient - INFO - Sending GET request to https://api.elsevier.com/content/search/scopus?start=525&count=25&query=SFA+%2B+efficiency
2019-11-17 16:58:52,034 - elsapy.elsclient - INFO - Sending GET request to https://api.elsevier.com/content/search/scopus?start=550&count=25&query=SFA+%2B+efficiency
2019-11-17 16:58:54,598 - elsapy.elsclient - INFO - Sending GET request to https://api.elsevier.com/content/search/scopus?start=575&count=25&query=SFA+%2B+efficiency
2019-11-17 16:58:57,066 - elsapy.elsclient - INFO - Sending GET request to https://api.elsevier.com/content/search/scopus?start=600&count=25&query=SFA+%2B+efficiency
2019-11-17 16:58:59,708 - elsapy.elsclient - INFO - Sending GET request to https://api.elsevier.com/content/search/scopus?start=625&count=25&query=SFA+%2B+efficiency
2019-11-17 16:59:02,168 - elsapy.elsclient - INFO - Sending GET request to https://api.elsevier.com/content/search/scopus?start=650&count=25&query=SFA+%2B+efficiency
2019-11-17 16:59:04,726 - elsapy.elsclient - INFO - Sending GET request to https://api.elsevier.com/content/search/scopus?start=675&count=25&query=SFA+%2B+efficiency
2019-11-17 16:59:07,288 - elsapy.elsclient - INFO - Sending GET request to https://api.elsevier.com/content/search/scopus?start=700&count=25&query=SFA+%2B+efficiency
2019-11-17 16:59:09,833 - elsapy.elsclient - INFO - Sending GET request to https://api.elsevier.com/content/search/scopus?start=725&count=25&query=SFA+%2B+efficiency
2019-11-17 16:59:12,417 - elsapy.elsclient - INFO - Sending GET request to https://api.elsevier.com/content/search/scopus?start=750&count=25&query=SFA+%2B+efficiency
2019-11-17 16:59:15,070 - elsapy.elsclient - INFO - Sending GET request to https://api.elsevier.com/content/search/scopus?start=775&count=25&query=SFA+%2B+efficiency
2019-11-17 16:59:17,733 - elsapy.elsclient - INFO - Sending GET request to https://api.elsevier.com/content/search/scopus?start=800&count=25&query=SFA+%2B+efficiency
2019-11-17 16:59:20,290 - elsapy.elsclient - INFO - Sending GET request to https://api.elsevier.com/content/search/scopus?start=825&count=25&query=SFA+%2B+efficiency
2019-11-17 16:59:22,872 - elsapy.elsclient - INFO - Sending GET request to https://api.elsevier.com/content/search/scopus?start=850&count=25&query=SFA+%2B+efficiency
2019-11-17 16:59:25,536 - elsapy.elsclient - INFO - Sending GET request to https://api.elsevier.com/content/search/scopus?start=875&count=25&query=SFA+%2B+efficiency
2019-11-17 16:59:33,093 - elsapy.elsclient - INFO - Sending GET request to https://api.elsevier.com/content/search/scopus?start=900&count=25&query=SFA+%2B+efficiency
2019-11-17 16:59:35,581 - elsapy.elsclient - INFO - Sending GET request to https://api.elsevier.com/content/search/scopus?start=925&count=25&query=SFA+%2B+efficiency
2019-11-17 16:59:38,102 - elsapy.elsclient - INFO - Sending GET request to https://api.elsevier.com/content/search/scopus?start=950&count=25&query=SFA+%2B+efficiency
2019-11-17 16:59:40,585 - elsapy.elsclient - INFO - Sending GET request to https://api.elsevier.com/content/search/scopus?start=975&count=25&query=SFA+%2B+efficiency
2019-11-17 16:59:43,128 - elsapy.elsclient - INFO - Sending GET request to https://api.elsevier.com/content/search/scopus?start=1000&count=25&query=SFA+%2B+efficiency
2019-11-17 16:59:45,680 - elsapy.elsclient - INFO - Sending GET request to https://api.elsevier.com/content/search/scopus?start=1025&count=25&query=SFA+%2B+efficiency
2019-11-17 16:59:49,887 - elsapy.elsclient - INFO - Sending GET request to https://api.elsevier.com/content/search/scopus?start=1050&count=25&query=SFA+%2B+efficiency
2019-11-17 16:59:52,542 - elsapy.elsclient - INFO - Sending GET request to https://api.elsevier.com/content/search/scopus?start=1075&count=25&query=SFA+%2B+efficiency
2019-11-17 16:59:55,195 - elsapy.elsclient - INFO - Sending GET request to https://api.elsevier.com/content/search/scopus?start=1100&count=25&query=SFA+%2B+efficiency
2019-11-17 16:59:57,978 - elsapy.elsclient - INFO - Sending GET request to https://api.elsevier.com/content/search/scopus?start=1125&count=25&query=SFA+%2B+efficiency
2019-11-17 17:00:00,539 - elsapy.elsclient - INFO - Sending GET request to https://api.elsevier.com/content/search/scopus?start=1150&count=25&query=SFA+%2B+efficiency
2019-11-17 17:00:03,828 - elsapy.elsclient - INFO - Sending GET request to https://api.elsevier.com/content/search/scopus?start=1175&count=25&query=SFA+%2B+efficiency
2019-11-17 17:00:10,082 - elsapy.elsclient - INFO - Sending GET request to https://api.elsevier.com/content/search/scopus?start=1200&count=25&query=SFA+%2B+efficiency
2019-11-17 17:00:17,944 - elsapy.elsclient - INFO - Sending GET request to https://api.elsevier.com/content/search/scopus?start=1225&count=25&query=SFA+%2B+efficiency
2019-11-17 17:00:20,619 - elsapy.elsclient - INFO - Sending GET request to https://api.elsevier.com/content/search/scopus?start=1250&count=25&query=SFA+%2B+efficiency
2019-11-17 17:00:23,583 - elsapy.elsclient - INFO - Sending GET request to https://api.elsevier.com/content/search/scopus?start=1275&count=25&query=SFA+%2B+efficiency
2019-11-17 17:00:26,340 - elsapy.elsclient - INFO - Sending GET request to https://api.elsevier.com/content/search/scopus?start=1300&count=25&query=SFA+%2B+efficiency
2019-11-17 17:00:29,208 - elsapy.elsclient - INFO - Sending GET request to https://api.elsevier.com/content/search/scopus?start=1325&count=25&query=SFA+%2B+efficiency
2019-11-17 17:00:31,668 - elsapy.elsclient - INFO - Sending GET request to https://api.elsevier.com/content/search/scopus?start=1350&count=25&query=SFA+%2B+efficiency
2019-11-17 17:00:34,330 - elsapy.elsclient - INFO - Sending GET request to https://api.elsevier.com/content/search/scopus?start=1375&count=25&query=SFA+%2B+efficiency
2019-11-17 17:00:36,691 - elsapy.elsclient - INFO - Sending GET request to https://api.elsevier.com/content/search/scopus?start=1400&count=25&query=SFA+%2B+efficiency
2019-11-17 17:00:39,093 - elsapy.elsclient - INFO - Sending GET request to https://api.elsevier.com/content/search/scopus?start=1425&count=25&query=SFA+%2B+efficiency
2019-11-17 17:00:42,214 - elsapy.elsclient - INFO - Sending GET request to https://api.elsevier.com/content/search/scopus?start=1450&count=25&query=SFA+%2B+efficiency
2019-11-17 17:00:44,780 - elsapy.elsclient - INFO - Sending GET request to https://api.elsevier.com/content/search/scopus?start=1475&count=25&query=SFA+%2B+efficiency
2019-11-17 17:00:47,436 - elsapy.elsclient - INFO - Sending GET request to https://api.elsevier.com/content/search/scopus?start=1500&count=25&query=SFA+%2B+efficiency
2019-11-17 17:00:49,890 - elsapy.elsclient - INFO - Sending GET request to https://api.elsevier.com/content/search/scopus?start=1525&count=25&query=SFA+%2B+efficiency
2019-11-17 17:00:52,368 - elsapy.elsclient - INFO - Sending GET request to https://api.elsevier.com/content/search/scopus?start=1550&count=25&query=SFA+%2B+efficiency
2019-11-17 17:00:55,014 - elsapy.elsclient - INFO - Sending GET request to https://api.elsevier.com/content/search/scopus?start=1575&count=25&query=SFA+%2B+efficiency
2019-11-17 17:00:57,582 - elsapy.elsclient - INFO - Sending GET request to https://api.elsevier.com/content/search/scopus?start=1600&count=25&query=SFA+%2B+efficiency
2019-11-17 17:01:00,242 - elsapy.elsclient - INFO - Sending GET request to https://api.elsevier.com/content/search/scopus?start=1625&count=25&query=SFA+%2B+efficiency
2019-11-17 17:01:03,015 - elsapy.elsclient - INFO - Sending GET request to https://api.elsevier.com/content/search/scopus?start=1650&count=25&query=SFA+%2B+efficiency
2019-11-17 17:01:05,668 - elsapy.elsclient - INFO - Sending GET request to https://api.elsevier.com/content/search/scopus?start=1675&count=25&query=SFA+%2B+efficiency
2019-11-17 17:01:08,123 - elsapy.elsclient - INFO - Sending GET request to https://api.elsevier.com/content/search/scopus?start=1700&count=25&query=SFA+%2B+efficiency
2019-11-17 17:01:15,808 - elsapy.elsclient - INFO - Sending GET request to https://api.elsevier.com/content/search/scopus?start=1725&count=25&query=SFA+%2B+efficiency
2019-11-17 17:01:23,699 - elsapy.elsclient - INFO - Sending GET request to https://api.elsevier.com/content/search/scopus?start=1750&count=25&query=SFA+%2B+efficiency
2019-11-17 17:01:26,092 - elsapy.elsclient - INFO - Sending GET request to https://api.elsevier.com/content/search/scopus?start=1775&count=25&query=SFA+%2B+efficiency
2019-11-17 17:01:28,810 - elsapy.elsclient - INFO - Sending GET request to https://api.elsevier.com/content/search/scopus?start=1800&count=25&query=SFA+%2B+efficiency
2019-11-17 17:01:31,268 - elsapy.elsclient - INFO - Sending GET request to https://api.elsevier.com/content/search/scopus?start=1825&count=25&query=SFA+%2B+efficiency
2019-11-17 17:01:33,721 - elsapy.elsclient - INFO - Sending GET request to https://api.elsevier.com/content/search/scopus?start=1850&count=25&query=SFA+%2B+efficiency
2019-11-17 17:01:36,301 - elsapy.elsclient - INFO - Sending GET request to https://api.elsevier.com/content/search/scopus?start=1875&count=25&query=SFA+%2B+efficiency
2019-11-17 17:01:38,948 - elsapy.elsclient - INFO - Sending GET request to https://api.elsevier.com/content/search/scopus?start=1900&count=25&query=SFA+%2B+efficiency
2019-11-17 17:01:41,621 - elsapy.elsclient - INFO - Sending GET request to https://api.elsevier.com/content/search/scopus?start=1925&count=25&query=SFA+%2B+efficiency
2019-11-17 17:01:44,496 - elsapy.elsclient - INFO - Sending GET request to https://api.elsevier.com/content/search/scopus?start=1950&count=25&query=SFA+%2B+efficiency
2019-11-17 17:01:46,947 - elsapy.elsclient - INFO - Sending GET request to https://api.elsevier.com/content/search/scopus?start=1975&count=25&query=SFA+%2B+efficiency
2019-11-17 17:01:49,291 - elsapy.elsclient - INFO - Sending GET request to https://api.elsevier.com/content/search/scopus?start=2000&count=25&query=SFA+%2B+efficiency
2019-11-17 17:01:51,861 - elsapy.elsclient - INFO - Sending GET request to https://api.elsevier.com/content/search/scopus?start=2025&count=25&query=SFA+%2B+efficiency
2019-11-17 17:01:54,427 - elsapy.elsclient - INFO - Sending GET request to https://api.elsevier.com/content/search/scopus?start=2050&count=25&query=SFA+%2B+efficiency
2019-11-17 17:01:56,968 - elsapy.elsclient - INFO - Sending GET request to https://api.elsevier.com/content/search/scopus?start=2075&count=25&query=SFA+%2B+efficiency
2019-11-17 17:01:59,432 - elsapy.elsclient - INFO - Sending GET request to https://api.elsevier.com/content/search/scopus?start=2100&count=25&query=SFA+%2B+efficiency
2019-11-17 17:02:02,210 - elsapy.elsclient - INFO - Sending GET request to https://api.elsevier.com/content/search/scopus?start=2125&count=25&query=SFA+%2B+efficiency
2019-11-17 17:02:09,771 - elsapy.elsclient - INFO - Sending GET request to https://api.elsevier.com/content/search/scopus?start=2150&count=25&query=SFA+%2B+efficiency
2019-11-17 17:02:12,552 - elsapy.elsclient - INFO - Sending GET request to https://api.elsevier.com/content/search/scopus?start=2175&count=25&query=SFA+%2B+efficiency
2019-11-17 17:02:15,014 - elsapy.elsclient - INFO - Sending GET request to https://api.elsevier.com/content/search/scopus?start=2200&count=25&query=SFA+%2B+efficiency
2019-11-17 17:02:17,451 - elsapy.elsclient - INFO - Sending GET request to https://api.elsevier.com/content/search/scopus?start=2225&count=25&query=SFA+%2B+efficiency
2019-11-17 17:02:19,745 - elsapy.elsclient - INFO - Sending GET request to https://api.elsevier.com/content/search/scopus?start=2250&count=25&query=SFA+%2B+efficiency
2019-11-17 17:02:22,391 - elsapy.elsclient - INFO - Sending GET request to https://api.elsevier.com/content/search/scopus?start=2275&count=25&query=SFA+%2B+efficiency
2019-11-17 17:02:24,717 - elsapy.elsclient - INFO - Sending GET request to https://api.elsevier.com/content/search/scopus?start=2300&count=25&query=SFA+%2B+efficiency
2019-11-17 17:02:27,082 - elsapy.elsclient - INFO - Sending GET request to https://api.elsevier.com/content/search/scopus?start=2325&count=25&query=SFA+%2B+efficiency
2019-11-17 17:02:29,948 - elsapy.elsclient - INFO - Sending GET request to https://api.elsevier.com/content/search/scopus?start=2350&count=25&query=SFA+%2B+efficiency
2019-11-17 17:02:32,505 - elsapy.elsclient - INFO - Sending GET request to https://api.elsevier.com/content/search/scopus?start=2375&count=25&query=SFA+%2B+efficiency
2019-11-17 17:02:35,068 - elsapy.elsclient - INFO - Sending GET request to https://api.elsevier.com/content/search/scopus?start=2400&count=25&query=SFA+%2B+efficiency
2019-11-17 17:02:37,741 - elsapy.elsclient - INFO - Sending GET request to https://api.elsevier.com/content/search/scopus?start=2425&count=25&query=SFA+%2B+efficiency
2019-11-17 17:02:40,246 - elsapy.elsclient - INFO - Sending GET request to https://api.elsevier.com/content/search/scopus?start=2450&count=25&query=SFA+%2B+efficiency
2019-11-17 17:02:42,746 - elsapy.elsclient - INFO - Sending GET request to https://api.elsevier.com/content/search/scopus?start=2475&count=25&query=SFA+%2B+efficiency
2019-11-17 17:02:45,319 - elsapy.elsclient - INFO - Sending GET request to https://api.elsevier.com/content/search/scopus?start=2500&count=25&query=SFA+%2B+efficiency
2019-11-17 17:02:47,661 - elsapy.elsclient - INFO - Sending GET request to https://api.elsevier.com/content/search/scopus?start=2525&count=25&query=SFA+%2B+efficiency
2019-11-17 17:02:50,115 - elsapy.elsclient - INFO - Sending GET request to https://api.elsevier.com/content/search/scopus?start=2550&count=25&query=SFA+%2B+efficiency
2019-11-17 17:02:52,671 - elsapy.elsclient - INFO - Sending GET request to https://api.elsevier.com/content/search/scopus?start=2575&count=25&query=SFA+%2B+efficiency
2019-11-17 17:02:55,530 - elsapy.elsclient - INFO - Sending GET request to https://api.elsevier.com/content/search/scopus?start=2600&count=25&query=SFA+%2B+efficiency
2019-11-17 17:02:58,103 - elsapy.elsclient - INFO - Sending GET request to https://api.elsevier.com/content/search/scopus?start=2625&count=25&query=SFA+%2B+efficiency
2019-11-17 17:03:00,873 - elsapy.elsclient - INFO - Sending GET request to https://api.elsevier.com/content/search/scopus?start=2650&count=25&query=SFA+%2B+efficiency
2019-11-17 17:03:03,538 - elsapy.elsclient - INFO - Sending GET request to https://api.elsevier.com/content/search/scopus?start=2675&count=25&query=SFA+%2B+efficiency
2019-11-17 17:03:06,423 - elsapy.elsclient - INFO - Sending GET request to https://api.elsevier.com/content/search/scopus?start=2700&count=25&query=SFA+%2B+efficiency
2019-11-17 17:03:09,059 - elsapy.elsclient - INFO - Sending GET request to https://api.elsevier.com/content/search/scopus?start=2725&count=25&query=SFA+%2B+efficiency
2019-11-17 17:03:11,830 - elsapy.elsclient - INFO - Sending GET request to https://api.elsevier.com/content/search/scopus?start=2750&count=25&query=SFA+%2B+efficiency
2019-11-17 17:03:14,616 - elsapy.elsclient - INFO - Sending GET request to https://api.elsevier.com/content/search/scopus?start=2775&count=25&query=SFA+%2B+efficiency
2019-11-17 17:03:17,679 - elsapy.elsclient - INFO - Sending GET request to https://api.elsevier.com/content/search/scopus?start=2800&count=25&query=SFA+%2B+efficiency
2019-11-17 17:03:21,250 - elsapy.elsclient - INFO - Sending GET request to https://api.elsevier.com/content/search/scopus?start=2825&count=25&query=SFA+%2B+efficiency
2019-11-17 17:03:23,807 - elsapy.elsclient - INFO - Sending GET request to https://api.elsevier.com/content/search/scopus?start=2850&count=25&query=SFA+%2B+efficiency
2019-11-17 17:03:26,142 - elsapy.elsclient - INFO - Sending GET request to https://api.elsevier.com/content/search/scopus?start=2875&count=25&query=SFA+%2B+efficiency
2019-11-17 17:03:28,772 - elsapy.elsclient - INFO - Sending GET request to https://api.elsevier.com/content/search/scopus?start=2900&count=25&query=SFA+%2B+efficiency
2019-11-17 17:03:31,179 - elsapy.elsclient - INFO - Sending GET request to https://api.elsevier.com/content/search/scopus?start=2925&count=25&query=SFA+%2B+efficiency
2019-11-17 17:03:33,880 - elsapy.elsclient - INFO - Sending GET request to https://api.elsevier.com/content/search/scopus?start=2950&count=25&query=SFA+%2B+efficiency
2019-11-17 17:03:36,729 - elsapy.elsclient - INFO - Sending GET request to https://api.elsevier.com/content/search/scopus?start=2975&count=25&query=SFA+%2B+efficiency
2019-11-17 17:03:39,756 - elsapy.elsclient - INFO - Sending GET request to https://api.elsevier.com/content/search/scopus?start=3000&count=25&query=SFA+%2B+efficiency
2019-11-17 17:03:42,766 - elsapy.elsclient - INFO - Sending GET request to https://api.elsevier.com/content/search/scopus?start=3025&count=25&query=SFA+%2B+efficiency
2019-11-17 17:03:45,412 - elsapy.elsclient - INFO - Sending GET request to https://api.elsevier.com/content/search/scopus?start=3050&count=25&query=SFA+%2B+efficiency
2019-11-17 17:03:47,956 - elsapy.elsclient - INFO - Sending GET request to https://api.elsevier.com/content/search/scopus?start=3075&count=25&query=SFA+%2B+efficiency
2019-11-17 17:03:50,640 - elsapy.elsclient - INFO - Sending GET request to https://api.elsevier.com/content/search/scopus?start=3100&count=25&query=SFA+%2B+efficiency
2019-11-17 17:03:53,106 - elsapy.elsclient - INFO - Sending GET request to https://api.elsevier.com/content/search/scopus?start=3125&count=25&query=SFA+%2B+efficiency
2019-11-17 17:03:56,077 - elsapy.elsclient - INFO - Sending GET request to https://api.elsevier.com/content/search/scopus?start=3150&count=25&query=SFA+%2B+efficiency
2019-11-17 17:03:58,726 - elsapy.elsclient - INFO - Sending GET request to https://api.elsevier.com/content/search/scopus?start=3175&count=25&query=SFA+%2B+efficiency
2019-11-17 17:04:01,299 - elsapy.elsclient - INFO - Sending GET request to https://api.elsevier.com/content/search/scopus?start=3200&count=25&query=SFA+%2B+efficiency
2019-11-17 17:04:03,850 - elsapy.elsclient - INFO - Sending GET request to https://api.elsevier.com/content/search/scopus?start=3225&count=25&query=SFA+%2B+efficiency
2019-11-17 17:04:06,612 - elsapy.elsclient - INFO - Sending GET request to https://api.elsevier.com/content/search/scopus?start=3250&count=25&query=SFA+%2B+efficiency
2019-11-17 17:04:08,967 - elsapy.elsclient - INFO - Sending GET request to https://api.elsevier.com/content/search/scopus?start=3275&count=25&query=SFA+%2B+efficiency
2019-11-17 17:04:11,638 - elsapy.elsclient - INFO - Sending GET request to https://api.elsevier.com/content/search/scopus?start=3300&count=25&query=SFA+%2B+efficiency
2019-11-17 17:04:14,191 - elsapy.elsclient - INFO - Sending GET request to https://api.elsevier.com/content/search/scopus?start=3325&count=25&query=SFA+%2B+efficiency
2019-11-17 17:04:16,966 - elsapy.elsclient - INFO - Sending GET request to https://api.elsevier.com/content/search/scopus?start=3350&count=25&query=SFA+%2B+efficiency
2019-11-17 17:04:20,536 - elsapy.elsclient - INFO - Sending GET request to https://api.elsevier.com/content/search/scopus?start=3375&count=25&query=SFA+%2B+efficiency
2019-11-17 17:04:22,905 - elsapy.elsclient - INFO - Sending GET request to https://api.elsevier.com/content/search/scopus?start=3400&count=25&query=SFA+%2B+efficiency
2019-11-17 17:04:25,256 - elsapy.elsclient - INFO - Sending GET request to https://api.elsevier.com/content/search/scopus?start=3425&count=25&query=SFA+%2B+efficiency
2019-11-17 17:04:28,125 - elsapy.elsclient - INFO - Sending GET request to https://api.elsevier.com/content/search/scopus?start=3450&count=25&query=SFA+%2B+efficiency
2019-11-17 17:04:30,470 - elsapy.elsclient - INFO - Sending GET request to https://api.elsevier.com/content/search/scopus?start=3475&count=25&query=SFA+%2B+efficiency
2019-11-17 17:04:33,052 - elsapy.elsclient - INFO - Sending GET request to https://api.elsevier.com/content/search/scopus?start=3500&count=25&query=SFA+%2B+efficiency
2019-11-17 17:04:35,597 - elsapy.elsclient - INFO - Sending GET request to https://api.elsevier.com/content/search/scopus?start=3525&count=25&query=SFA+%2B+efficiency
2019-11-17 17:04:43,073 - elsapy.elsclient - INFO - Sending GET request to https://api.elsevier.com/content/search/scopus?start=3550&count=25&query=SFA+%2B+efficiency
2019-11-17 17:04:45,731 - elsapy.elsclient - INFO - Sending GET request to https://api.elsevier.com/content/search/scopus?start=3575&count=25&query=SFA+%2B+efficiency
2019-11-17 17:04:48,123 - elsapy.elsclient - INFO - Sending GET request to https://api.elsevier.com/content/search/scopus?start=3600&count=25&query=SFA+%2B+efficiency
2019-11-17 17:04:50,753 - elsapy.elsclient - INFO - Sending GET request to https://api.elsevier.com/content/search/scopus?start=3625&count=25&query=SFA+%2B+efficiency
2019-11-17 17:04:53,317 - elsapy.elsclient - INFO - Sending GET request to https://api.elsevier.com/content/search/scopus?start=3650&count=25&query=SFA+%2B+efficiency
2019-11-17 17:04:55,876 - elsapy.elsclient - INFO - Sending GET request to https://api.elsevier.com/content/search/scopus?start=3675&count=25&query=SFA+%2B+efficiency
2019-11-17 17:04:58,428 - elsapy.elsclient - INFO - Sending GET request to https://api.elsevier.com/content/search/scopus?start=3700&count=25&query=SFA+%2B+efficiency
2019-11-17 17:05:00,923 - elsapy.elsclient - INFO - Sending GET request to https://api.elsevier.com/content/search/scopus?start=3725&count=25&query=SFA+%2B+efficiency
2019-11-17 17:05:03,655 - elsapy.elsclient - INFO - Sending GET request to https://api.elsevier.com/content/search/scopus?start=3750&count=25&query=SFA+%2B+efficiency
2019-11-17 17:05:06,433 - elsapy.elsclient - INFO - Sending GET request to https://api.elsevier.com/content/search/scopus?start=3775&count=25&query=SFA+%2B+efficiency
2019-11-17 17:05:09,112 - elsapy.elsclient - INFO - Sending GET request to https://api.elsevier.com/content/search/scopus?start=3800&count=25&query=SFA+%2B+efficiency
2019-11-17 17:05:11,554 - elsapy.elsclient - INFO - Sending GET request to https://api.elsevier.com/content/search/scopus?start=3825&count=25&query=SFA+%2B+efficiency
2019-11-17 17:05:14,000 - elsapy.elsclient - INFO - Sending GET request to https://api.elsevier.com/content/search/scopus?start=3850&count=25&query=SFA+%2B+efficiency
2019-11-17 17:05:16,964 - elsapy.elsclient - INFO - Sending GET request to https://api.elsevier.com/content/search/scopus?start=3875&count=25&query=SFA+%2B+efficiency
2019-11-17 17:05:19,532 - elsapy.elsclient - INFO - Sending GET request to https://api.elsevier.com/content/search/scopus?start=3900&count=25&query=SFA+%2B+efficiency
2019-11-17 17:05:21,982 - elsapy.elsclient - INFO - Sending GET request to https://api.elsevier.com/content/search/scopus?start=3925&count=25&query=SFA+%2B+efficiency
2019-11-17 17:05:24,861 - elsapy.elsclient - INFO - Sending GET request to https://api.elsevier.com/content/search/scopus?start=3950&count=25&query=SFA+%2B+efficiency
2019-11-17 17:05:27,401 - elsapy.elsclient - INFO - Sending GET request to https://api.elsevier.com/content/search/scopus?start=3975&count=25&query=SFA+%2B+efficiency
2019-11-17 17:05:30,087 - elsapy.elsclient - INFO - Sending GET request to https://api.elsevier.com/content/search/scopus?start=4000&count=25&query=SFA+%2B+efficiency
2019-11-17 17:05:32,730 - elsapy.elsclient - INFO - Sending GET request to https://api.elsevier.com/content/search/scopus?start=4025&count=25&query=SFA+%2B+efficiency
2019-11-17 17:05:35,294 - elsapy.elsclient - INFO - Sending GET request to https://api.elsevier.com/content/search/scopus?start=4050&count=25&query=SFA+%2B+efficiency
2019-11-17 17:05:37,750 - elsapy.elsclient - INFO - Sending GET request to https://api.elsevier.com/content/search/scopus?start=4075&count=25&query=SFA+%2B+efficiency
2019-11-17 17:05:40,429 - elsapy.elsclient - INFO - Sending GET request to https://api.elsevier.com/content/search/scopus?start=4100&count=25&query=SFA+%2B+efficiency
2019-11-17 17:05:47,990 - elsapy.elsclient - INFO - Sending GET request to https://api.elsevier.com/content/search/scopus?start=4125&count=25&query=SFA+%2B+efficiency
2019-11-17 17:05:50,351 - elsapy.elsclient - INFO - Sending GET request to https://api.elsevier.com/content/search/scopus?start=4150&count=25&query=SFA+%2B+efficiency
2019-11-17 17:05:52,510 - elsapy.utils - INFO - Converting prism:coverDate
2019-11-17 17:24:15,317 - elsapy.elsclient - INFO - Sending GET request to https://api.elsevier.com/content/search/scopus?query=SFA+%2B+DEA
2019-11-17 17:24:17,958 - elsapy.elsclient - INFO - Sending GET request to https://api.elsevier.com/content/search/scopus?start=25&count=25&query=SFA+%2B+DEA
2019-11-17 17:24:20,217 - elsapy.elsclient - INFO - Sending GET request to https://api.elsevier.com/content/search/scopus?start=50&count=25&query=SFA+%2B+DEA
2019-11-17 17:24:22,565 - elsapy.elsclient - INFO - Sending GET request to https://api.elsevier.com/content/search/scopus?start=75&count=25&query=SFA+%2B+DEA
2019-11-17 17:24:25,328 - elsapy.elsclient - INFO - Sending GET request to https://api.elsevier.com/content/search/scopus?start=100&count=25&query=SFA+%2B+DEA
2019-11-17 17:24:27,777 - elsapy.elsclient - INFO - Sending GET request to https://api.elsevier.com/content/search/scopus?start=125&count=25&query=SFA+%2B+DEA
2019-11-17 17:24:30,142 - elsapy.elsclient - INFO - Sending GET request to https://api.elsevier.com/content/search/scopus?start=150&count=25&query=SFA+%2B+DEA
2019-11-17 17:24:32,488 - elsapy.elsclient - INFO - Sending GET request to https://api.elsevier.com/content/search/scopus?start=175&count=25&query=SFA+%2B+DEA
2019-11-17 17:24:35,253 - elsapy.elsclient - INFO - Sending GET request to https://api.elsevier.com/content/search/scopus?start=200&count=25&query=SFA+%2B+DEA
2019-11-17 17:24:37,610 - elsapy.elsclient - INFO - Sending GET request to https://api.elsevier.com/content/search/scopus?start=225&count=25&query=SFA+%2B+DEA
2019-11-17 17:24:40,070 - elsapy.elsclient - INFO - Sending GET request to https://api.elsevier.com/content/search/scopus?start=250&count=25&query=SFA+%2B+DEA
2019-11-17 17:24:42,422 - elsapy.elsclient - INFO - Sending GET request to https://api.elsevier.com/content/search/scopus?start=275&count=25&query=SFA+%2B+DEA
2019-11-17 17:24:44,690 - elsapy.elsclient - INFO - Sending GET request to https://api.elsevier.com/content/search/scopus?start=300&count=25&query=SFA+%2B+DEA
2019-11-17 17:24:47,585 - elsapy.elsclient - INFO - Sending GET request to https://api.elsevier.com/content/search/scopus?start=325&count=25&query=SFA+%2B+DEA
2019-11-17 17:24:49,904 - elsapy.elsclient - INFO - Sending GET request to https://api.elsevier.com/content/search/scopus?start=350&count=25&query=SFA+%2B+DEA
2019-11-17 17:24:52,361 - elsapy.elsclient - INFO - Sending GET request to https://api.elsevier.com/content/search/scopus?start=375&count=25&query=SFA+%2B+DEA
2019-11-17 17:24:54,956 - elsapy.elsclient - INFO - Sending GET request to https://api.elsevier.com/content/search/scopus?start=400&count=25&query=SFA+%2B+DEA
2019-11-17 17:24:57,481 - elsapy.elsclient - INFO - Sending GET request to https://api.elsevier.com/content/search/scopus?start=425&count=25&query=SFA+%2B+DEA
2019-11-17 17:25:05,268 - elsapy.elsclient - INFO - Sending GET request to https://api.elsevier.com/content/search/scopus?start=450&count=25&query=SFA+%2B+DEA
2019-11-17 17:25:12,750 - elsapy.elsclient - INFO - Sending GET request to https://api.elsevier.com/content/search/scopus?start=475&count=25&query=SFA+%2B+DEA
2019-11-17 17:25:15,607 - elsapy.elsclient - INFO - Sending GET request to https://api.elsevier.com/content/search/scopus?start=500&count=25&query=SFA+%2B+DEA
2019-11-17 17:25:18,243 - elsapy.elsclient - INFO - Sending GET request to https://api.elsevier.com/content/search/scopus?start=525&count=25&query=SFA+%2B+DEA
2019-11-17 17:25:20,928 - elsapy.elsclient - INFO - Sending GET request to https://api.elsevier.com/content/search/scopus?start=550&count=25&query=SFA+%2B+DEA
2019-11-17 17:25:28,606 - elsapy.elsclient - INFO - Sending GET request to https://api.elsevier.com/content/search/scopus?start=575&count=25&query=SFA+%2B+DEA
2019-11-17 17:25:31,269 - elsapy.elsclient - INFO - Sending GET request to https://api.elsevier.com/content/search/scopus?start=600&count=25&query=SFA+%2B+DEA
2019-11-17 17:25:34,552 - elsapy.elsclient - INFO - Sending GET request to https://api.elsevier.com/content/search/scopus?start=625&count=25&query=SFA+%2B+DEA
2019-11-17 17:25:36,927 - elsapy.elsclient - INFO - Sending GET request to https://api.elsevier.com/content/search/scopus?start=650&count=25&query=SFA+%2B+DEA
2019-11-17 17:25:39,353 - elsapy.elsclient - INFO - Sending GET request to https://api.elsevier.com/content/search/scopus?start=675&count=25&query=SFA+%2B+DEA
2019-11-17 17:25:41,818 - elsapy.elsclient - INFO - Sending GET request to https://api.elsevier.com/content/search/scopus?start=700&count=25&query=SFA+%2B+DEA
2019-11-17 17:25:49,402 - elsapy.elsclient - INFO - Sending GET request to https://api.elsevier.com/content/search/scopus?start=725&count=25&query=SFA+%2B+DEA
2019-11-17 17:25:51,851 - elsapy.elsclient - INFO - Sending GET request to https://api.elsevier.com/content/search/scopus?start=750&count=25&query=SFA+%2B+DEA
2019-11-17 17:25:54,138 - elsapy.elsclient - INFO - Sending GET request to https://api.elsevier.com/content/search/scopus?start=775&count=25&query=SFA+%2B+DEA
2019-11-17 17:25:56,779 - elsapy.elsclient - INFO - Sending GET request to https://api.elsevier.com/content/search/scopus?start=800&count=25&query=SFA+%2B+DEA
2019-11-17 17:25:59,127 - elsapy.elsclient - INFO - Sending GET request to https://api.elsevier.com/content/search/scopus?start=825&count=25&query=SFA+%2B+DEA
2019-11-17 17:26:01,587 - elsapy.elsclient - INFO - Sending GET request to https://api.elsevier.com/content/search/scopus?start=850&count=25&query=SFA+%2B+DEA
2019-11-17 17:26:04,042 - elsapy.elsclient - INFO - Sending GET request to https://api.elsevier.com/content/search/scopus?start=875&count=25&query=SFA+%2B+DEA
2019-11-17 17:26:06,599 - elsapy.elsclient - INFO - Sending GET request to https://api.elsevier.com/content/search/scopus?start=900&count=25&query=SFA+%2B+DEA
2019-11-17 17:26:13,869 - elsapy.elsclient - INFO - Sending GET request to https://api.elsevier.com/content/search/scopus?start=925&count=25&query=SFA+%2B+DEA
2019-11-17 17:26:16,226 - elsapy.elsclient - INFO - Sending GET request to https://api.elsevier.com/content/search/scopus?start=950&count=25&query=SFA+%2B+DEA
2019-11-17 17:26:18,786 - elsapy.elsclient - INFO - Sending GET request to https://api.elsevier.com/content/search/scopus?start=975&count=25&query=SFA+%2B+DEA
2019-11-17 17:26:21,033 - elsapy.elsclient - INFO - Sending GET request to https://api.elsevier.com/content/search/scopus?start=1000&count=25&query=SFA+%2B+DEA
2019-11-17 17:26:23,729 - elsapy.elsclient - INFO - Sending GET request to https://api.elsevier.com/content/search/scopus?start=1025&count=25&query=SFA+%2B+DEA
2019-11-17 17:26:25,971 - elsapy.elsclient - INFO - Sending GET request to https://api.elsevier.com/content/search/scopus?start=1050&count=25&query=SFA+%2B+DEA
2019-11-17 17:26:28,410 - elsapy.elsclient - INFO - Sending GET request to https://api.elsevier.com/content/search/scopus?start=1075&count=25&query=SFA+%2B+DEA
2019-11-17 17:26:30,764 - elsapy.elsclient - INFO - Sending GET request to https://api.elsevier.com/content/search/scopus?start=1100&count=25&query=SFA+%2B+DEA
2019-11-17 17:26:33,238 - elsapy.elsclient - INFO - Sending GET request to https://api.elsevier.com/content/search/scopus?start=1125&count=25&query=SFA+%2B+DEA
2019-11-17 17:26:35,485 - elsapy.elsclient - INFO - Sending GET request to https://api.elsevier.com/content/search/scopus?start=1150&count=25&query=SFA+%2B+DEA
2019-11-17 17:26:37,948 - elsapy.elsclient - INFO - Sending GET request to https://api.elsevier.com/content/search/scopus?start=1175&count=25&query=SFA+%2B+DEA
2019-11-17 17:26:40,004 - elsapy.elsclient - INFO - Sending GET request to https://api.elsevier.com/content/search/scopus?start=1200&count=25&query=SFA+%2B+DEA
2019-11-17 17:26:42,438 - elsapy.elsclient - INFO - Sending GET request to https://api.elsevier.com/content/search/scopus?start=1225&count=25&query=SFA+%2B+DEA
2019-11-17 17:26:45,829 - elsapy.elsclient - INFO - Sending GET request to https://api.elsevier.com/content/search/scopus?start=1250&count=25&query=SFA+%2B+DEA
2019-11-17 17:26:48,619 - elsapy.elsclient - INFO - Sending GET request to https://api.elsevier.com/content/search/scopus?start=1275&count=25&query=SFA+%2B+DEA
2019-11-17 17:26:51,245 - elsapy.elsclient - INFO - Sending GET request to https://api.elsevier.com/content/search/scopus?start=1300&count=25&query=SFA+%2B+DEA
2019-11-17 17:26:53,505 - elsapy.elsclient - INFO - Sending GET request to https://api.elsevier.com/content/search/scopus?start=1325&count=25&query=SFA+%2B+DEA
2019-11-17 17:26:55,952 - elsapy.elsclient - INFO - Sending GET request to https://api.elsevier.com/content/search/scopus?start=1350&count=25&query=SFA+%2B+DEA
2019-11-17 17:26:58,416 - elsapy.elsclient - INFO - Sending GET request to https://api.elsevier.com/content/search/scopus?start=1375&count=25&query=SFA+%2B+DEA
2019-11-17 17:27:00,675 - elsapy.elsclient - INFO - Sending GET request to https://api.elsevier.com/content/search/scopus?start=1400&count=25&query=SFA+%2B+DEA
2019-11-17 17:27:02,928 - elsapy.elsclient - INFO - Sending GET request to https://api.elsevier.com/content/search/scopus?start=1425&count=25&query=SFA+%2B+DEA
2019-11-17 17:27:05,338 - elsapy.elsclient - INFO - Sending GET request to https://api.elsevier.com/content/search/scopus?start=1450&count=25&query=SFA+%2B+DEA
2019-11-17 17:27:07,531 - elsapy.elsclient - INFO - Sending GET request to https://api.elsevier.com/content/search/scopus?start=1475&count=25&query=SFA+%2B+DEA
2019-11-17 17:27:09,675 - elsapy.elsclient - INFO - Sending GET request to https://api.elsevier.com/content/search/scopus?start=1500&count=25&query=SFA+%2B+DEA
2019-11-17 17:27:17,158 - elsapy.elsclient - INFO - Sending GET request to https://api.elsevier.com/content/search/scopus?start=1525&count=25&query=SFA+%2B+DEA
2019-11-17 17:27:20,124 - elsapy.elsclient - INFO - Sending GET request to https://api.elsevier.com/content/search/scopus?start=1550&count=25&query=SFA+%2B+DEA
2019-11-17 17:27:22,274 - elsapy.elsclient - INFO - Sending GET request to https://api.elsevier.com/content/search/scopus?start=1575&count=25&query=SFA+%2B+DEA
2019-11-17 17:27:24,842 - elsapy.elsclient - INFO - Sending GET request to https://api.elsevier.com/content/search/scopus?start=1600&count=25&query=SFA+%2B+DEA
2019-11-17 17:27:27,303 - elsapy.elsclient - INFO - Sending GET request to https://api.elsevier.com/content/search/scopus?start=1625&count=25&query=SFA+%2B+DEA
2019-11-17 17:27:29,650 - elsapy.elsclient - INFO - Sending GET request to https://api.elsevier.com/content/search/scopus?start=1650&count=25&query=SFA+%2B+DEA
2019-11-17 17:27:33,030 - elsapy.elsclient - INFO - Sending GET request to https://api.elsevier.com/content/search/scopus?start=1675&count=25&query=SFA+%2B+DEA
2019-11-17 17:27:40,620 - elsapy.elsclient - INFO - Sending GET request to https://api.elsevier.com/content/search/scopus?start=1700&count=25&query=SFA+%2B+DEA
2019-11-17 17:27:48,283 - elsapy.elsclient - INFO - Sending GET request to https://api.elsevier.com/content/search/scopus?start=1725&count=25&query=SFA+%2B+DEA
2019-11-17 17:27:50,961 - elsapy.elsclient - INFO - Sending GET request to https://api.elsevier.com/content/search/scopus?start=1750&count=25&query=SFA+%2B+DEA
2019-11-17 17:31:37,043 - elsapy.elsclient - INFO - Sending GET request to https://api.elsevier.com/content/search/scopus?query=SFA+%2B+DEA
2019-11-17 17:31:39,825 - elsapy.elsclient - INFO - Sending GET request to https://api.elsevier.com/content/search/scopus?start=25&count=25&query=SFA+%2B+DEA
2019-11-17 17:31:42,891 - elsapy.elsclient - INFO - Sending GET request to https://api.elsevier.com/content/search/scopus?start=50&count=25&query=SFA+%2B+DEA
2019-11-17 17:31:45,459 - elsapy.elsclient - INFO - Sending GET request to https://api.elsevier.com/content/search/scopus?start=75&count=25&query=SFA+%2B+DEA
2019-11-17 17:31:47,912 - elsapy.elsclient - INFO - Sending GET request to https://api.elsevier.com/content/search/scopus?start=100&count=25&query=SFA+%2B+DEA
2019-11-17 17:31:50,265 - elsapy.elsclient - INFO - Sending GET request to https://api.elsevier.com/content/search/scopus?start=125&count=25&query=SFA+%2B+DEA
2019-11-17 17:31:52,827 - elsapy.elsclient - INFO - Sending GET request to https://api.elsevier.com/content/search/scopus?start=150&count=25&query=SFA+%2B+DEA
2019-11-17 17:31:55,413 - elsapy.elsclient - INFO - Sending GET request to https://api.elsevier.com/content/search/scopus?start=175&count=25&query=SFA+%2B+DEA
2019-11-17 17:31:57,843 - elsapy.elsclient - INFO - Sending GET request to https://api.elsevier.com/content/search/scopus?start=200&count=25&query=SFA+%2B+DEA
2019-11-17 17:32:00,307 - elsapy.elsclient - INFO - Sending GET request to https://api.elsevier.com/content/search/scopus?start=225&count=25&query=SFA+%2B+DEA
2019-11-17 17:32:02,759 - elsapy.elsclient - INFO - Sending GET request to https://api.elsevier.com/content/search/scopus?start=250&count=25&query=SFA+%2B+DEA
2019-11-17 17:32:05,626 - elsapy.elsclient - INFO - Sending GET request to https://api.elsevier.com/content/search/scopus?start=275&count=25&query=SFA+%2B+DEA
2019-11-17 17:32:08,085 - elsapy.elsclient - INFO - Sending GET request to https://api.elsevier.com/content/search/scopus?start=300&count=25&query=SFA+%2B+DEA
2019-11-17 17:32:10,657 - elsapy.elsclient - INFO - Sending GET request to https://api.elsevier.com/content/search/scopus?start=325&count=25&query=SFA+%2B+DEA
2019-11-17 17:32:18,320 - elsapy.elsclient - INFO - Sending GET request to https://api.elsevier.com/content/search/scopus?start=350&count=25&query=SFA+%2B+DEA
2019-11-17 17:32:20,626 - elsapy.elsclient - INFO - Sending GET request to https://api.elsevier.com/content/search/scopus?start=375&count=25&query=SFA+%2B+DEA
2019-11-17 17:32:23,340 - elsapy.elsclient - INFO - Sending GET request to https://api.elsevier.com/content/search/scopus?start=400&count=25&query=SFA+%2B+DEA
2019-11-17 17:32:25,924 - elsapy.elsclient - INFO - Sending GET request to https://api.elsevier.com/content/search/scopus?start=425&count=25&query=SFA+%2B+DEA
2019-11-17 17:32:28,358 - elsapy.elsclient - INFO - Sending GET request to https://api.elsevier.com/content/search/scopus?start=450&count=25&query=SFA+%2B+DEA
2019-11-17 17:32:30,716 - elsapy.elsclient - INFO - Sending GET request to https://api.elsevier.com/content/search/scopus?start=475&count=25&query=SFA+%2B+DEA
2019-11-17 17:32:33,100 - elsapy.elsclient - INFO - Sending GET request to https://api.elsevier.com/content/search/scopus?start=500&count=25&query=SFA+%2B+DEA
2019-11-17 17:32:35,646 - elsapy.elsclient - INFO - Sending GET request to https://api.elsevier.com/content/search/scopus?start=525&count=25&query=SFA+%2B+DEA
2019-11-17 17:32:38,195 - elsapy.elsclient - INFO - Sending GET request to https://api.elsevier.com/content/search/scopus?start=550&count=25&query=SFA+%2B+DEA
2019-11-17 17:32:40,649 - elsapy.elsclient - INFO - Sending GET request to https://api.elsevier.com/content/search/scopus?start=575&count=25&query=SFA+%2B+DEA
2019-11-17 17:32:42,950 - elsapy.elsclient - INFO - Sending GET request to https://api.elsevier.com/content/search/scopus?start=600&count=25&query=SFA+%2B+DEA
2019-11-17 17:32:45,607 - elsapy.elsclient - INFO - Sending GET request to https://api.elsevier.com/content/search/scopus?start=625&count=25&query=SFA+%2B+DEA
2019-11-17 17:32:48,222 - elsapy.elsclient - INFO - Sending GET request to https://api.elsevier.com/content/search/scopus?start=650&count=25&query=SFA+%2B+DEA
2019-11-17 17:32:50,689 - elsapy.elsclient - INFO - Sending GET request to https://api.elsevier.com/content/search/scopus?start=675&count=25&query=SFA+%2B+DEA
2019-11-17 17:32:53,243 - elsapy.elsclient - INFO - Sending GET request to https://api.elsevier.com/content/search/scopus?start=700&count=25&query=SFA+%2B+DEA
2019-11-17 17:32:55,493 - elsapy.elsclient - INFO - Sending GET request to https://api.elsevier.com/content/search/scopus?start=725&count=25&query=SFA+%2B+DEA
2019-11-17 17:32:57,963 - elsapy.elsclient - INFO - Sending GET request to https://api.elsevier.com/content/search/scopus?start=750&count=25&query=SFA+%2B+DEA
2019-11-17 17:33:05,535 - elsapy.elsclient - INFO - Sending GET request to https://api.elsevier.com/content/search/scopus?start=775&count=25&query=SFA+%2B+DEA
2019-11-17 17:33:07,987 - elsapy.elsclient - INFO - Sending GET request to https://api.elsevier.com/content/search/scopus?start=800&count=25&query=SFA+%2B+DEA
2019-11-17 17:33:10,340 - elsapy.elsclient - INFO - Sending GET request to https://api.elsevier.com/content/search/scopus?start=825&count=25&query=SFA+%2B+DEA
2019-11-17 17:33:17,840 - elsapy.elsclient - INFO - Sending GET request to https://api.elsevier.com/content/search/scopus?start=850&count=25&query=SFA+%2B+DEA
2019-11-17 17:33:20,191 - elsapy.elsclient - INFO - Sending GET request to https://api.elsevier.com/content/search/scopus?start=875&count=25&query=SFA+%2B+DEA
2019-11-17 17:33:23,346 - elsapy.elsclient - INFO - Sending GET request to https://api.elsevier.com/content/search/scopus?start=900&count=25&query=SFA+%2B+DEA
2019-11-17 17:33:25,701 - elsapy.elsclient - INFO - Sending GET request to https://api.elsevier.com/content/search/scopus?start=925&count=25&query=SFA+%2B+DEA
2019-11-17 17:33:28,091 - elsapy.elsclient - INFO - Sending GET request to https://api.elsevier.com/content/search/scopus?start=950&count=25&query=SFA+%2B+DEA
2019-11-17 17:33:30,531 - elsapy.elsclient - INFO - Sending GET request to https://api.elsevier.com/content/search/scopus?start=975&count=25&query=SFA+%2B+DEA
2019-11-17 17:33:33,129 - elsapy.elsclient - INFO - Sending GET request to https://api.elsevier.com/content/search/scopus?start=1000&count=25&query=SFA+%2B+DEA
2019-11-17 17:33:35,765 - elsapy.elsclient - INFO - Sending GET request to https://api.elsevier.com/content/search/scopus?start=1025&count=25&query=SFA+%2B+DEA
2019-11-17 17:33:38,121 - elsapy.elsclient - INFO - Sending GET request to https://api.elsevier.com/content/search/scopus?start=1050&count=25&query=SFA+%2B+DEA
2019-11-17 17:33:40,453 - elsapy.elsclient - INFO - Sending GET request to https://api.elsevier.com/content/search/scopus?start=1075&count=25&query=SFA+%2B+DEA
2019-11-17 17:33:42,710 - elsapy.elsclient - INFO - Sending GET request to https://api.elsevier.com/content/search/scopus?start=1100&count=25&query=SFA+%2B+DEA
2019-11-17 17:33:44,958 - elsapy.elsclient - INFO - Sending GET request to https://api.elsevier.com/content/search/scopus?start=1125&count=25&query=SFA+%2B+DEA
2019-11-17 17:33:47,661 - elsapy.elsclient - INFO - Sending GET request to https://api.elsevier.com/content/search/scopus?start=1150&count=25&query=SFA+%2B+DEA
2019-11-17 17:33:49,977 - elsapy.elsclient - INFO - Sending GET request to https://api.elsevier.com/content/search/scopus?start=1175&count=25&query=SFA+%2B+DEA
2019-11-17 17:33:52,231 - elsapy.elsclient - INFO - Sending GET request to https://api.elsevier.com/content/search/scopus?start=1200&count=25&query=SFA+%2B+DEA
2019-11-17 17:33:54,688 - elsapy.elsclient - INFO - Sending GET request to https://api.elsevier.com/content/search/scopus?start=1225&count=25&query=SFA+%2B+DEA
2019-11-17 17:33:56,936 - elsapy.elsclient - INFO - Sending GET request to https://api.elsevier.com/content/search/scopus?start=1250&count=25&query=SFA+%2B+DEA
2019-11-17 17:33:59,603 - elsapy.elsclient - INFO - Sending GET request to https://api.elsevier.com/content/search/scopus?start=1275&count=25&query=SFA+%2B+DEA
2019-11-17 17:34:01,958 - elsapy.elsclient - INFO - Sending GET request to https://api.elsevier.com/content/search/scopus?start=1300&count=25&query=SFA+%2B+DEA
2019-11-17 17:34:04,525 - elsapy.elsclient - INFO - Sending GET request to https://api.elsevier.com/content/search/scopus?start=1325&count=25&query=SFA+%2B+DEA
2019-11-17 17:34:07,282 - elsapy.elsclient - INFO - Sending GET request to https://api.elsevier.com/content/search/scopus?start=1350&count=25&query=SFA+%2B+DEA
2019-11-17 17:34:09,638 - elsapy.elsclient - INFO - Sending GET request to https://api.elsevier.com/content/search/scopus?start=1375&count=25&query=SFA+%2B+DEA
2019-11-17 17:34:11,998 - elsapy.elsclient - INFO - Sending GET request to https://api.elsevier.com/content/search/scopus?start=1400&count=25&query=SFA+%2B+DEA
2019-11-17 17:34:14,348 - elsapy.elsclient - INFO - Sending GET request to https://api.elsevier.com/content/search/scopus?start=1425&count=25&query=SFA+%2B+DEA
2019-11-17 17:34:16,803 - elsapy.elsclient - INFO - Sending GET request to https://api.elsevier.com/content/search/scopus?start=1450&count=25&query=SFA+%2B+DEA
2019-11-17 17:34:19,044 - elsapy.elsclient - INFO - Sending GET request to https://api.elsevier.com/content/search/scopus?start=1475&count=25&query=SFA+%2B+DEA
2019-11-17 17:34:21,821 - elsapy.elsclient - INFO - Sending GET request to https://api.elsevier.com/content/search/scopus?start=1500&count=25&query=SFA+%2B+DEA
2019-11-17 17:34:24,281 - elsapy.elsclient - INFO - Sending GET request to https://api.elsevier.com/content/search/scopus?start=1525&count=25&query=SFA+%2B+DEA
2019-11-17 17:34:26,550 - elsapy.elsclient - INFO - Sending GET request to https://api.elsevier.com/content/search/scopus?start=1550&count=25&query=SFA+%2B+DEA
2019-11-17 17:34:29,306 - elsapy.elsclient - INFO - Sending GET request to https://api.elsevier.com/content/search/scopus?start=1575&count=25&query=SFA+%2B+DEA
2019-11-17 17:34:31,961 - elsapy.elsclient - INFO - Sending GET request to https://api.elsevier.com/content/search/scopus?start=1600&count=25&query=SFA+%2B+DEA
2019-11-17 17:34:34,522 - elsapy.elsclient - INFO - Sending GET request to https://api.elsevier.com/content/search/scopus?start=1625&count=25&query=SFA+%2B+DEA
2019-11-17 17:34:37,893 - elsapy.elsclient - INFO - Sending GET request to https://api.elsevier.com/content/search/scopus?start=1650&count=25&query=SFA+%2B+DEA
2019-11-17 17:34:40,665 - elsapy.elsclient - INFO - Sending GET request to https://api.elsevier.com/content/search/scopus?start=1675&count=25&query=SFA+%2B+DEA
2019-11-17 17:34:47,938 - elsapy.elsclient - INFO - Sending GET request to https://api.elsevier.com/content/search/scopus?start=1700&count=25&query=SFA+%2B+DEA
2019-11-17 17:34:50,904 - elsapy.elsclient - INFO - Sending GET request to https://api.elsevier.com/content/search/scopus?start=1725&count=25&query=SFA+%2B+DEA
2019-11-17 17:34:53,374 - elsapy.elsclient - INFO - Sending GET request to https://api.elsevier.com/content/search/scopus?start=1750&count=25&query=SFA+%2B+DEA
2019-11-17 17:34:54,892 - elsapy.utils - INFO - Converting prism:coverDate
