2019-11-08 18:52:25,978 - elsapy.elsclient - INFO - Module loaded.
2019-11-08 18:52:33,508 - elsapy.elsentity - INFO - Module loaded.
2019-11-08 18:52:33,513 - elsapy.utils - INFO - Module loaded.
2019-11-08 18:52:33,513 - elsapy.elsprofile - INFO - Module loaded.
2019-11-08 18:52:33,515 - elsapy.elsdoc - INFO - Module loaded.
2019-11-08 18:52:33,517 - elsapy.elssearch - INFO - Module loaded.
2019-11-08 18:55:39,345 - elsapy.elsclient - INFO - Sending GET request to https://api.elsevier.com/content/author/author_id/7004367821
2019-11-08 18:55:39,991 - elsapy.elsentity - WARNING - HTTP 401 Error from https://api.elsevier.com/content/author/author_id/7004367821
and using headers {'X-ELS-APIKey': '688f324bf0bbe4273de2fd6ef18593b3', 'User-Agent': 'elsapy-v0.5.0', 'Accept': 'application/json'}:
{"service-error":{"status":{"statusCode":"AUTHORIZATION_ERROR","statusText":"The requestor is not authorized to access the requested view or fields of the resource"}}}
2019-11-08 18:55:55,377 - elsapy.elsclient - INFO - Sending GET request to https://api.elsevier.com/content/author/author_id/7004367821
2019-11-08 18:55:55,969 - elsapy.elsentity - WARNING - HTTP 401 Error from https://api.elsevier.com/content/author/author_id/7004367821
and using headers {'X-ELS-APIKey': '688f324bf0bbe4273de2fd6ef18593b3', 'User-Agent': 'elsapy-v0.5.0', 'Accept': 'application/json'}:
{"service-error":{"status":{"statusCode":"AUTHORIZATION_ERROR","statusText":"The requestor is not authorized to access the requested view or fields of the resource"}}}
2019-11-08 18:59:42,359 - elsapy.elsclient - INFO - Sending GET request to https://api.elsevier.com/content/affiliation/affiliation_id/60101411
2019-11-08 18:59:44,310 - elsapy.elsentity - WARNING - HTTP 401 Error from https://api.elsevier.com/content/affiliation/affiliation_id/60101411
and using headers {'X-ELS-APIKey': '688f324bf0bbe4273de2fd6ef18593b3', 'User-Agent': 'elsapy-v0.5.0', 'Accept': 'application/json'}:
{"service-error":{"status":{"statusCode":"AUTHORIZATION_ERROR","statusText":"The requestor is not authorized to access the requested view or fields of the resource"}}}
2019-11-08 19:02:07,027 - elsapy.elsclient - INFO - Module loaded.
2019-11-08 19:02:07,841 - elsapy.elsentity - INFO - Module loaded.
2019-11-08 19:02:07,841 - elsapy.utils - INFO - Module loaded.
2019-11-08 19:02:07,842 - elsapy.elsprofile - INFO - Module loaded.
2019-11-08 19:02:07,843 - elsapy.elsdoc - INFO - Module loaded.
2019-11-08 19:02:07,843 - elsapy.elssearch - INFO - Module loaded.
2019-11-08 19:03:11,148 - elsapy.elsclient - INFO - Module loaded.
2019-11-08 19:03:11,908 - elsapy.elsentity - INFO - Module loaded.
2019-11-08 19:03:11,909 - elsapy.utils - INFO - Module loaded.
2019-11-08 19:03:11,909 - elsapy.elsprofile - INFO - Module loaded.
2019-11-08 19:03:11,910 - elsapy.elsdoc - INFO - Module loaded.
2019-11-08 19:03:11,911 - elsapy.elssearch - INFO - Module loaded.
2019-11-08 19:03:20,209 - elsapy.elsclient - INFO - Module loaded.
2019-11-08 19:03:20,775 - elsapy.elsentity - INFO - Module loaded.
2019-11-08 19:03:20,776 - elsapy.utils - INFO - Module loaded.
2019-11-08 19:03:20,776 - elsapy.elsprofile - INFO - Module loaded.
2019-11-08 19:03:20,777 - elsapy.elsdoc - INFO - Module loaded.
2019-11-08 19:03:20,777 - elsapy.elssearch - INFO - Module loaded.
2019-11-08 19:05:10,157 - elsapy.elsclient - INFO - Sending GET request to https://api.elsevier.com/content/search/author?query=authlast%28keuskamp%29
2019-11-08 19:05:10,837 - elsapy.elsclient - INFO - Module loaded.
2019-11-08 19:05:11,682 - elsapy.elsentity - INFO - Module loaded.
2019-11-08 19:05:11,683 - elsapy.utils - INFO - Module loaded.
2019-11-08 19:05:11,689 - elsapy.elsprofile - INFO - Module loaded.
2019-11-08 19:05:11,690 - elsapy.elsdoc - INFO - Module loaded.
2019-11-08 19:05:11,691 - elsapy.elssearch - INFO - Module loaded.
2019-11-08 19:05:18,194 - elsapy.elsclient - INFO - Module loaded.
2019-11-08 19:05:18,844 - elsapy.elsentity - INFO - Module loaded.
2019-11-08 19:05:18,845 - elsapy.utils - INFO - Module loaded.
2019-11-08 19:05:18,845 - elsapy.elsprofile - INFO - Module loaded.
2019-11-08 19:05:18,846 - elsapy.elsdoc - INFO - Module loaded.
2019-11-08 19:05:18,847 - elsapy.elssearch - INFO - Module loaded.
2019-11-08 19:05:59,431 - elsapy.elsclient - INFO - Module loaded.
2019-11-08 19:06:00,022 - elsapy.elsentity - INFO - Module loaded.
2019-11-08 19:06:00,023 - elsapy.utils - INFO - Module loaded.
2019-11-08 19:06:00,023 - elsapy.elsprofile - INFO - Module loaded.
2019-11-08 19:06:00,024 - elsapy.elsdoc - INFO - Module loaded.
2019-11-08 19:06:00,025 - elsapy.elssearch - INFO - Module loaded.
2019-11-08 19:06:00,431 - elsapy.elsclient - INFO - Sending GET request to https://api.elsevier.com/content/search/affiliation?query=affil%28amsterdam%29
2019-11-08 19:06:34,976 - elsapy.elsclient - INFO - Module loaded.
2019-11-08 19:06:35,940 - elsapy.elsentity - INFO - Module loaded.
2019-11-08 19:06:35,942 - elsapy.utils - INFO - Module loaded.
2019-11-08 19:06:35,942 - elsapy.elsprofile - INFO - Module loaded.
2019-11-08 19:06:35,943 - elsapy.elsdoc - INFO - Module loaded.
2019-11-08 19:06:35,944 - elsapy.elssearch - INFO - Module loaded.
2019-11-08 19:06:35,977 - elsapy.elsclient - INFO - Sending GET request to https://api.elsevier.com/content/search/scopus?query=AFFIL%28dartmouth%29+AND+AUTHOR-NAME%28lewis%29+AND+PUBYEAR+%3E+2011
2019-11-08 19:08:34,194 - elsapy.elsclient - INFO - Sending GET request to https://api.elsevier.com/content/search/scopus?query=AFFIL%28dartmouth%29+AND+AUTHOR-NAME%28lewis%29+AND+PUBYEAR+%3E+2011
2019-11-08 19:08:36,543 - elsapy.elsclient - INFO - Sending GET request to https://api.elsevier.com/content/search/scopus?start=25&count=25&query=AFFIL%28dartmouth%29+AND+AUTHOR-NAME%28lewis%29+AND+PUBYEAR+%3E+2011
2019-11-08 19:08:38,934 - elsapy.elsclient - INFO - Sending GET request to https://api.elsevier.com/content/search/scopus?start=50&count=25&query=AFFIL%28dartmouth%29+AND+AUTHOR-NAME%28lewis%29+AND+PUBYEAR+%3E+2011
2019-11-08 19:08:41,447 - elsapy.elsclient - INFO - Sending GET request to https://api.elsevier.com/content/search/scopus?start=75&count=25&query=AFFIL%28dartmouth%29+AND+AUTHOR-NAME%28lewis%29+AND+PUBYEAR+%3E+2011
2019-11-08 19:08:44,150 - elsapy.elsclient - INFO - Sending GET request to https://api.elsevier.com/content/search/scopus?start=100&count=25&query=AFFIL%28dartmouth%29+AND+AUTHOR-NAME%28lewis%29+AND+PUBYEAR+%3E+2011
2019-11-08 19:08:46,587 - elsapy.elsclient - INFO - Sending GET request to https://api.elsevier.com/content/search/scopus?start=125&count=25&query=AFFIL%28dartmouth%29+AND+AUTHOR-NAME%28lewis%29+AND+PUBYEAR+%3E+2011
2019-11-08 19:08:49,586 - elsapy.elsclient - INFO - Sending GET request to https://api.elsevier.com/content/search/scopus?start=150&count=25&query=AFFIL%28dartmouth%29+AND+AUTHOR-NAME%28lewis%29+AND+PUBYEAR+%3E+2011
2019-11-08 19:08:52,422 - elsapy.elsclient - INFO - Sending GET request to https://api.elsevier.com/content/search/scopus?start=175&count=25&query=AFFIL%28dartmouth%29+AND+AUTHOR-NAME%28lewis%29+AND+PUBYEAR+%3E+2011
2019-11-08 19:08:55,462 - elsapy.elsclient - INFO - Sending GET request to https://api.elsevier.com/content/search/scopus?start=200&count=25&query=AFFIL%28dartmouth%29+AND+AUTHOR-NAME%28lewis%29+AND+PUBYEAR+%3E+2011
2019-11-08 19:08:57,936 - elsapy.elsclient - INFO - Sending GET request to https://api.elsevier.com/content/search/scopus?start=225&count=25&query=AFFIL%28dartmouth%29+AND+AUTHOR-NAME%28lewis%29+AND+PUBYEAR+%3E+2011
2019-11-08 19:09:00,442 - elsapy.elsclient - INFO - Sending GET request to https://api.elsevier.com/content/search/scopus?start=250&count=25&query=AFFIL%28dartmouth%29+AND+AUTHOR-NAME%28lewis%29+AND+PUBYEAR+%3E+2011
2019-11-08 19:09:02,088 - elsapy.utils - INFO - Converting prism:coverDate
2019-11-08 19:09:03,636 - elsapy.elsclient - INFO - Sending GET request to https://api.elsevier.com/content/search/scopus?query=AFFIL%28dartmouth%29+AND+AUTHOR-NAME%28lewis%29+AND+PUBYEAR+%3E+2011
2019-11-08 19:09:08,060 - elsapy.elsclient - INFO - Sending GET request to https://api.elsevier.com/content/search/scopus?start=25&count=25&query=AFFIL%28dartmouth%29+AND+AUTHOR-NAME%28lewis%29+AND+PUBYEAR+%3E+2011
2019-11-08 19:09:11,796 - elsapy.elsclient - INFO - Sending GET request to https://api.elsevier.com/content/search/scopus?start=50&count=25&query=AFFIL%28dartmouth%29+AND+AUTHOR-NAME%28lewis%29+AND+PUBYEAR+%3E+2011
2019-11-08 19:09:14,825 - elsapy.elsclient - INFO - Sending GET request to https://api.elsevier.com/content/search/scopus?start=75&count=25&query=AFFIL%28dartmouth%29+AND+AUTHOR-NAME%28lewis%29+AND+PUBYEAR+%3E+2011
2019-11-08 19:09:17,308 - elsapy.elsclient - INFO - Sending GET request to https://api.elsevier.com/content/search/scopus?start=100&count=25&query=AFFIL%28dartmouth%29+AND+AUTHOR-NAME%28lewis%29+AND+PUBYEAR+%3E+2011
2019-11-08 19:09:19,460 - elsapy.elsclient - INFO - Sending GET request to https://api.elsevier.com/content/search/scopus?start=125&count=25&query=AFFIL%28dartmouth%29+AND+AUTHOR-NAME%28lewis%29+AND+PUBYEAR+%3E+2011
2019-11-08 19:09:22,424 - elsapy.elsclient - INFO - Sending GET request to https://api.elsevier.com/content/search/scopus?start=150&count=25&query=AFFIL%28dartmouth%29+AND+AUTHOR-NAME%28lewis%29+AND+PUBYEAR+%3E+2011
2019-11-08 19:09:24,733 - elsapy.elsclient - INFO - Sending GET request to https://api.elsevier.com/content/search/scopus?start=175&count=25&query=AFFIL%28dartmouth%29+AND+AUTHOR-NAME%28lewis%29+AND+PUBYEAR+%3E+2011
2019-11-08 19:09:26,909 - elsapy.elsclient - INFO - Sending GET request to https://api.elsevier.com/content/search/scopus?start=200&count=25&query=AFFIL%28dartmouth%29+AND+AUTHOR-NAME%28lewis%29+AND+PUBYEAR+%3E+2011
2019-11-08 19:09:29,078 - elsapy.elsclient - INFO - Sending GET request to https://api.elsevier.com/content/search/scopus?start=225&count=25&query=AFFIL%28dartmouth%29+AND+AUTHOR-NAME%28lewis%29+AND+PUBYEAR+%3E+2011
2019-11-08 19:09:31,569 - elsapy.elsclient - INFO - Sending GET request to https://api.elsevier.com/content/search/scopus?start=250&count=25&query=AFFIL%28dartmouth%29+AND+AUTHOR-NAME%28lewis%29+AND+PUBYEAR+%3E+2011
2019-11-08 19:09:35,448 - elsapy.utils - INFO - Converting prism:coverDate
2019-11-08 19:09:48,324 - elsapy.elsclient - INFO - Sending GET request to https://api.elsevier.com/content/search/scopus?query=AFFIL%28dartmouth%29+AND+AUTHOR-NAME%28lewis%29+AND+PUBYEAR+%3E+2011
2019-11-08 19:09:50,717 - elsapy.elsclient - INFO - Sending GET request to https://api.elsevier.com/content/search/scopus?start=25&count=25&query=AFFIL%28dartmouth%29+AND+AUTHOR-NAME%28lewis%29+AND+PUBYEAR+%3E+2011
2019-11-08 19:09:53,169 - elsapy.elsclient - INFO - Sending GET request to https://api.elsevier.com/content/search/scopus?start=50&count=25&query=AFFIL%28dartmouth%29+AND+AUTHOR-NAME%28lewis%29+AND+PUBYEAR+%3E+2011
2019-11-08 19:09:55,543 - elsapy.elsclient - INFO - Sending GET request to https://api.elsevier.com/content/search/scopus?start=75&count=25&query=AFFIL%28dartmouth%29+AND+AUTHOR-NAME%28lewis%29+AND+PUBYEAR+%3E+2011
2019-11-08 19:09:58,303 - elsapy.elsclient - INFO - Sending GET request to https://api.elsevier.com/content/search/scopus?start=100&count=25&query=AFFIL%28dartmouth%29+AND+AUTHOR-NAME%28lewis%29+AND+PUBYEAR+%3E+2011
2019-11-08 19:10:00,465 - elsapy.elsclient - INFO - Sending GET request to https://api.elsevier.com/content/search/scopus?start=125&count=25&query=AFFIL%28dartmouth%29+AND+AUTHOR-NAME%28lewis%29+AND+PUBYEAR+%3E+2011
2019-11-08 19:10:03,946 - elsapy.elsclient - INFO - Sending GET request to https://api.elsevier.com/content/search/scopus?start=150&count=25&query=AFFIL%28dartmouth%29+AND+AUTHOR-NAME%28lewis%29+AND+PUBYEAR+%3E+2011
2019-11-08 19:10:06,482 - elsapy.elsclient - INFO - Sending GET request to https://api.elsevier.com/content/search/scopus?start=175&count=25&query=AFFIL%28dartmouth%29+AND+AUTHOR-NAME%28lewis%29+AND+PUBYEAR+%3E+2011
2019-11-08 19:10:14,543 - elsapy.elsclient - INFO - Sending GET request to https://api.elsevier.com/content/search/scopus?start=200&count=25&query=AFFIL%28dartmouth%29+AND+AUTHOR-NAME%28lewis%29+AND+PUBYEAR+%3E+2011
2019-11-08 19:10:17,529 - elsapy.elsclient - INFO - Sending GET request to https://api.elsevier.com/content/search/scopus?start=225&count=25&query=AFFIL%28dartmouth%29+AND+AUTHOR-NAME%28lewis%29+AND+PUBYEAR+%3E+2011
2019-11-08 19:10:20,428 - elsapy.elsclient - INFO - Sending GET request to https://api.elsevier.com/content/search/scopus?start=250&count=25&query=AFFIL%28dartmouth%29+AND+AUTHOR-NAME%28lewis%29+AND+PUBYEAR+%3E+2011
2019-11-08 19:10:21,753 - elsapy.utils - INFO - Converting prism:coverDate
2019-11-08 19:10:23,589 - elsapy.elsclient - INFO - Sending GET request to https://api.elsevier.com/content/search/scopus?query=AFFIL%28dartmouth%29+AND+AUTHOR-NAME%28lewis%29+AND+PUBYEAR+%3E+2011
2019-11-08 19:10:28,949 - elsapy.elsclient - INFO - Sending GET request to https://api.elsevier.com/content/search/scopus?start=25&count=25&query=AFFIL%28dartmouth%29+AND+AUTHOR-NAME%28lewis%29+AND+PUBYEAR+%3E+2011
2019-11-08 19:10:31,357 - elsapy.elsclient - INFO - Sending GET request to https://api.elsevier.com/content/search/scopus?start=50&count=25&query=AFFIL%28dartmouth%29+AND+AUTHOR-NAME%28lewis%29+AND+PUBYEAR+%3E+2011
2019-11-08 19:10:33,872 - elsapy.elsclient - INFO - Sending GET request to https://api.elsevier.com/content/search/scopus?start=75&count=25&query=AFFIL%28dartmouth%29+AND+AUTHOR-NAME%28lewis%29+AND+PUBYEAR+%3E+2011
2019-11-08 19:10:36,666 - elsapy.elsclient - INFO - Sending GET request to https://api.elsevier.com/content/search/scopus?start=100&count=25&query=AFFIL%28dartmouth%29+AND+AUTHOR-NAME%28lewis%29+AND+PUBYEAR+%3E+2011
2019-11-08 19:10:39,091 - elsapy.elsclient - INFO - Sending GET request to https://api.elsevier.com/content/search/scopus?start=125&count=25&query=AFFIL%28dartmouth%29+AND+AUTHOR-NAME%28lewis%29+AND+PUBYEAR+%3E+2011
2019-11-08 19:10:42,566 - elsapy.elsclient - INFO - Sending GET request to https://api.elsevier.com/content/search/scopus?start=150&count=25&query=AFFIL%28dartmouth%29+AND+AUTHOR-NAME%28lewis%29+AND+PUBYEAR+%3E+2011
2019-11-08 19:10:44,994 - elsapy.elsclient - INFO - Sending GET request to https://api.elsevier.com/content/search/scopus?start=175&count=25&query=AFFIL%28dartmouth%29+AND+AUTHOR-NAME%28lewis%29+AND+PUBYEAR+%3E+2011
2019-11-08 19:10:47,237 - elsapy.elsclient - INFO - Sending GET request to https://api.elsevier.com/content/search/scopus?start=200&count=25&query=AFFIL%28dartmouth%29+AND+AUTHOR-NAME%28lewis%29+AND+PUBYEAR+%3E+2011
2019-11-08 19:10:49,533 - elsapy.elsclient - INFO - Sending GET request to https://api.elsevier.com/content/search/scopus?start=225&count=25&query=AFFIL%28dartmouth%29+AND+AUTHOR-NAME%28lewis%29+AND+PUBYEAR+%3E+2011
2019-11-08 19:10:51,837 - elsapy.elsclient - INFO - Sending GET request to https://api.elsevier.com/content/search/scopus?start=250&count=25&query=AFFIL%28dartmouth%29+AND+AUTHOR-NAME%28lewis%29+AND+PUBYEAR+%3E+2011
2019-11-08 19:10:52,814 - elsapy.utils - INFO - Converting prism:coverDate
2019-11-08 19:10:53,790 - elsapy.elsclient - INFO - Sending GET request to https://api.elsevier.com/content/search/affiliation?query=affil%28amsterdam%29
2019-11-08 19:11:14,638 - elsapy.elsclient - INFO - Sending GET request to https://api.elsevier.com/content/search/affiliation?query=affil%28ourense%29
